timeInterval	queriesProcessed	throughput	sysCost	virtualThroughput
2	0	0	0	0
4	1697	848	20506	10253
6	1376	688	16259	8129
8	1376	688	17273	8636
10	1556	778	20433	10216
12	1162	581	13785	6892
14	1464	732	17260	8630
16	1536	768	17941	8970
18	1256	628	16252	8126
20	1370	685	16136	8068
22	1462	731	17172	8586
24	1274	637	16174	8087
26	1476	738	18179	9089
28	1337	668	15363	7681
30	1476	738	17820	8910
32	1335	667	15776	7888
34	1398	699	17490	8745
36	1368	684	17246	8623
38	1465	732	19048	9524
40	1288	644	15839	7919
42	1410	705	17555	8777
44	1563	781	18780	9390
46	1315	657	15028	7514
48	1376	688	16938	8469
50	1430	715	16995	8497
52	1412	706	18427	9213
54	1347	673	16100	8050
56	1364	682	15165	7582
58	1347	673	16663	8331
60	1414	707	17272	8636
62	1382	691	16565	8282
64	1383	691	16783	8391
66	1313	656	15910	7955
68	1451	725	17234	8617
70	1539	769	18306	9153
72	1340	670	15221	7610
74	1488	744	17869	8934
76	1325	662	16968	8484
78	1416	708	16982	8491
80	1334	667	16347	8173
82	1481	740	17851	8925
84	1434	717	18493	9246
86	1373	686	16059	8029
88	1336	668	16460	8230
90	1401	700	17122	8561
92	1448	724	16322	8161
94	1271	635	16847	8423
96	1347	673	16107	8053
98	1435	717	18581	9290
100	1473	736	17466	8733
102	1451	725	17117	8558
104	1225	612	14972	7486
106	1405	702	17566	8783
108	1431	715	16568	8284
110	1407	703	17466	8733
112	1554	777	18531	9265
114	1444	722	17576	8788
116	1514	757	17651	8825
118	1333	666	15914	7957
120	1391	695	17763	8881
122	1449	724	17459	8729
124	1584	792	19695	9847
126	1427	713	17252	8626
128	1409	704	17778	8889
130	1263	631	15838	7919
132	1404	702	16170	8085
134	1325	662	15902	7951
136	1462	731	17366	8683
138	1470	735	18210	9105
140	1430	715	17833	8916
142	1305	652	16231	8115
144	1353	676	16494	8247
146	1448	724	18306	9153
148	1497	748	16516	8258
150	1249	624	16510	8255
152	1420	710	17571	8785
154	162	81	2151	1075
156	965	482	11574	5787
158	1283	641	15271	7635
160	1295	647	16050	8025
162	1454	727	17110	8555
164	130	65	1752	876
166	1178	589	13267	6633
168	1420	710	17443	8721
170	1290	645	15500	7750
172	1597	798	19427	9713
174	1398	699	18129	9064
176	1386	693	16679	8339
178	1414	707	17494	8747
180	1450	725	17574	8787
182	1487	743	18944	9472
184	1481	740	17663	8831
186	1389	694	16401	8200
188	1349	674	16760	8380
190	1400	700	17380	8690
192	1427	713	17555	8777
194	325	162	4256	2128
196	1360	680	16595	8297
198	1340	670	16140	8070
200	1469	734	17710	8855
202	1242	621	15388	7694
204	380	190	5170	2585
206	1455	727	19106	9553
208	1418	709	16450	8225
210	1447	723	17284	8642
212	1276	638	15588	7794
214	1290	645	16352	8176
216	1496	748	18810	9405
218	1305	652	14928	7464
220	1357	678	17037	8518
222	1489	744	18684	9342
224	1409	704	16849	8424
226	1459	729	17371	8685
228	1339	669	15336	7668
230	1510	755	19048	9524
232	1245	622	14592	7296
234	428	214	4866	2433
236	1261	630	15847	7923
238	1492	746	18076	9038
240	1423	711	16096	8048
242	1306	653	17131	8565
244	1302	651	16228	8114
246	1383	691	17510	8755
248	1416	708	18031	9015
250	1406	703	16908	8454
252	1361	680	16415	8207
254	557	278	6757	3378
256	1406	703	17039	8519
258	1358	679	16678	8339
260	1289	644	16640	8320
262	1369	684	17386	8693
264	414	207	5704	2852
266	1450	725	17862	8931
268	1556	778	18455	9227
270	1287	643	15455	7727
272	1351	675	16583	8291
274	1231	615	14974	7487
276	1458	729	17288	8644
278	1349	674	15980	7990
280	1517	758	17898	8949
282	1282	641	15942	7971
284	1346	673	16715	8357
286	1378	689	16683	8341
288	1403	701	17400	8700
290	1258	629	16201	8100
292	1339	669	16780	8390
294	505	252	6732	3366
296	1280	640	15590	7795
298	1470	735	18197	9098
300	1474	737	17840	8920
302	1409	704	17211	8605
304	1416	708	16724	8362
306	1363	681	16017	8008
308	1357	678	16949	8474
310	1400	700	16964	8482
312	1449	724	17616	8808
314	1421	710	17571	8785
316	1505	752	18270	9135
318	1431	715	17505	8752
320	1514	757	18473	9236
322	1377	688	16943	8471
324	1453	726	17196	8598
326	1335	667	16779	8389
328	1467	733	16654	8327
330	1330	665	15703	7851
332	1516	758	17651	8825
334	1218	609	15595	7797
336	1485	742	17987	8993
338	1337	668	16571	8285
340	1356	678	17019	8509
342	1269	634	14768	7384
344	1205	602	16024	8012
346	1277	638	15304	7652
348	1214	607	14999	7499
350	1477	738	17834	8917
352	1395	697	16672	8336
354	1512	756	17473	8736
356	1431	715	16654	8327
358	1445	722	17600	8800
360	1415	707	18022	9011
362	1461	730	18042	9021
364	1362	681	17298	8649
366	1262	631	16601	8300
368	1463	731	18069	9034
370	1331	665	17279	8639
372	1281	640	15470	7735
374	1375	687	17514	8757
376	1163	581	14967	7483
378	1248	624	15812	7906
380	1279	639	16621	8310
382	1368	684	17982	8991
384	441	220	5404	2702
386	1351	675	16817	8408
388	1418	709	18577	9288
390	1398	699	16057	8028
392	1404	702	17073	8536
394	1442	721	17319	8659
396	1430	715	17740	8870
398	1320	660	16374	8187
400	1461	730	18266	9133
402	1391	695	16570	8285
404	1400	700	16652	8326
406	1302	651	15364	7682
408	1428	714	18060	9030
410	1516	758	18109	9054
412	1473	736	18095	9047
414	466	233	5779	2889
416	1402	701	18735	9367
418	1362	681	16780	8390
420	1458	729	18460	9230
422	1252	626	15079	7539
424	532	266	5599	2799
426	1413	706	18247	9123
428	1558	779	18915	9457
430	1446	723	17877	8938
432	1334	667	15856	7928
434	1399	699	16927	8463
436	1433	716	17381	8690
438	1361	680	16773	8386
440	1350	675	16858	8429
442	1520	760	18513	9256
444	1364	682	16798	8399
446	1369	684	16788	8394
448	1433	716	18028	9014
450	1552	776	19014	9507
452	1396	698	16534	8267
454	1281	640	15864	7932
456	1565	782	20015	10007
458	1387	693	17060	8530
460	1407	703	17186	8593
462	1152	576	13189	6594
464	463	231	5960	2980
466	1354	677	16309	8154
468	1392	696	16738	8369
470	1449	724	17576	8788
472	1313	656	16112	8056
474	1410	705	16744	8372
476	1501	750	17446	8723
478	1383	691	17306	8653
480	1297	648	15597	7798
482	1580	790	18895	9447
484	1468	734	17410	8705
486	1474	737	17947	8973
488	1277	638	14889	7444
490	1490	745	17569	8784
492	1549	774	18294	9147
494	527	263	6835	3417
496	1317	658	16483	8241
498	1462	731	17737	8868
500	1471	735	17474	8737
502	1362	681	17163	8581
504	1291	645	15446	7723
506	1348	674	17838	8919
508	1400	700	17333	8666
510	1353	676	16117	8058
512	1346	673	16806	8403
514	1451	725	16798	8399
516	1465	732	17520	8760
518	1447	723	17425	8712
520	1333	666	15952	7976
522	1548	774	18016	9008
524	1319	659	16348	8174
526	1549	774	18275	9137
528	1364	682	17741	8870
530	1543	771	19154	9577
532	1425	712	17677	8838
534	1466	733	17369	8684
536	1445	722	17980	8990
538	1521	760	18746	9373
540	1328	664	16934	8467
542	1264	632	16524	8262
544	1452	726	17215	8607
546	1416	708	17409	8704
548	1474	737	18094	9047
550	1291	645	15760	7880
552	1267	633	15914	7957
554	1400	700	17456	8728
556	1516	758	18412	9206
558	1313	656	14893	7446
560	1436	718	17931	8965
562	1329	664	16599	8299
564	123	61	1647	823
566	777	388	9733	4866
568	1287	643	15993	7996
570	1300	650	16535	8267
572	1470	735	17939	8969
574	1434	717	18383	9191
576	1369	684	16230	8115
578	1305	652	16396	8198
580	1485	742	18416	9208
582	1380	690	16826	8413
584	658	329	8063	4031
586	1373	686	17017	8508
588	1512	756	18424	9212
590	1383	691	17836	8918
592	1569	784	18906	9453
594	1537	768	18442	9221
596	1389	694	16972	8486
598	1390	695	17239	8619
600	1529	764	18987	9493
602	0	0	0	0
